2024-08-21T10:35:28.125+05:30  INFO 8840 --- [ELKstack] [main] c.e.s.E.ElkStackExampleApplication       : Starting ElkStackExampleApplication using Java 21.0.4 with PID 8840 (C:\Users\Administrator\Downloads\ELKstack\ELKstack\target\classes started by Administrator in C:\Users\Administrator\Downloads\ELKstack\ELKstack)
2024-08-21T10:35:28.160+05:30  INFO 8840 --- [ELKstack] [main] c.e.s.E.ElkStackExampleApplication       : No active profile set, falling back to 1 default profile: "default"
2024-08-21T10:35:31.318+05:30  INFO 8840 --- [ELKstack] [main] o.s.b.w.embedded.tomcat.TomcatWebServer  : Tomcat initialized with port 9898 (http)
2024-08-21T10:35:31.340+05:30  INFO 8840 --- [ELKstack] [main] o.apache.catalina.core.StandardService   : Starting service [Tomcat]
2024-08-21T10:35:31.342+05:30  INFO 8840 --- [ELKstack] [main] o.apache.catalina.core.StandardEngine    : Starting Servlet engine: [Apache Tomcat/10.1.26]
2024-08-21T10:35:31.464+05:30  INFO 8840 --- [ELKstack] [main] o.a.c.c.C.[Tomcat].[localhost].[/]       : Initializing Spring embedded WebApplicationContext
2024-08-21T10:35:31.465+05:30  INFO 8840 --- [ELKstack] [main] w.s.c.ServletWebServerApplicationContext : Root WebApplicationContext: initialization completed in 3092 ms
2024-08-21T10:35:32.075+05:30  INFO 8840 --- [ELKstack] [main] o.s.b.w.embedded.tomcat.TomcatWebServer  : Tomcat started on port 9898 (http) with context path '/'
2024-08-21T10:35:32.090+05:30  INFO 8840 --- [ELKstack] [main] c.e.s.E.ElkStackExampleApplication       : Started ElkStackExampleApplication in 5.077 seconds (process running for 6.151)
2024-08-21T10:35:35.408+05:30  INFO 14256 --- [ELKstack] [main] c.e.s.E.ElkStackExampleApplication       : Starting ElkStackExampleApplication using Java 21.0.4 with PID 14256 (C:\Users\Administrator\Downloads\ELKstack\ELKstack\target\classes started by Administrator in C:\Users\Administrator\Downloads\ELKstack\ELKstack)
2024-08-21T10:35:35.414+05:30  INFO 14256 --- [ELKstack] [main] c.e.s.E.ElkStackExampleApplication       : No active profile set, falling back to 1 default profile: "default"
2024-08-21T10:35:37.695+05:30  INFO 14256 --- [ELKstack] [main] o.s.b.w.embedded.tomcat.TomcatWebServer  : Tomcat initialized with port 9898 (http)
2024-08-21T10:35:37.716+05:30  INFO 14256 --- [ELKstack] [main] o.apache.catalina.core.StandardService   : Starting service [Tomcat]
2024-08-21T10:35:37.717+05:30  INFO 14256 --- [ELKstack] [main] o.apache.catalina.core.StandardEngine    : Starting Servlet engine: [Apache Tomcat/10.1.26]
2024-08-21T10:35:37.813+05:30  INFO 14256 --- [ELKstack] [main] o.a.c.c.C.[Tomcat].[localhost].[/]       : Initializing Spring embedded WebApplicationContext
2024-08-21T10:35:37.813+05:30  INFO 14256 --- [ELKstack] [main] w.s.c.ServletWebServerApplicationContext : Root WebApplicationContext: initialization completed in 2311 ms
2024-08-21T10:35:38.371+05:30  WARN 14256 --- [ELKstack] [main] ConfigServletWebServerApplicationContext : Exception encountered during context initialization - cancelling refresh attempt: org.springframework.context.ApplicationContextException: Failed to start bean 'webServerStartStop'
2024-08-21T10:35:38.421+05:30  INFO 14256 --- [ELKstack] [main] .s.b.a.l.ConditionEvaluationReportLogger : 

Error starting ApplicationContext. To display the condition evaluation report re-run your application with 'debug' enabled.
2024-08-21T10:35:38.470+05:30 ERROR 14256 --- [ELKstack] [main] o.s.b.d.LoggingFailureAnalysisReporter   : 

***************************
APPLICATION FAILED TO START
***************************

Description:

Web server failed to start. Port 9898 was already in use.

Action:

Identify and stop the process that's listening on port 9898 or configure this application to listen on another port.

2024-08-21T10:35:50.315+05:30  INFO 13908 --- [ELKstack] [main] c.e.s.E.ElkStackExampleApplication       : Starting ElkStackExampleApplication using Java 21.0.4 with PID 13908 (C:\Users\Administrator\Downloads\ELKstack\ELKstack\target\classes started by Administrator in C:\Users\Administrator\Downloads\ELKstack\ELKstack)
2024-08-21T10:35:50.321+05:30  INFO 13908 --- [ELKstack] [main] c.e.s.E.ElkStackExampleApplication       : No active profile set, falling back to 1 default profile: "default"
2024-08-21T10:35:51.858+05:30  INFO 13908 --- [ELKstack] [main] o.s.b.w.embedded.tomcat.TomcatWebServer  : Tomcat initialized with port 9898 (http)
2024-08-21T10:35:51.880+05:30  INFO 13908 --- [ELKstack] [main] o.apache.catalina.core.StandardService   : Starting service [Tomcat]
2024-08-21T10:35:51.881+05:30  INFO 13908 --- [ELKstack] [main] o.apache.catalina.core.StandardEngine    : Starting Servlet engine: [Apache Tomcat/10.1.26]
2024-08-21T10:35:51.967+05:30  INFO 13908 --- [ELKstack] [main] o.a.c.c.C.[Tomcat].[localhost].[/]       : Initializing Spring embedded WebApplicationContext
2024-08-21T10:35:51.968+05:30  INFO 13908 --- [ELKstack] [main] w.s.c.ServletWebServerApplicationContext : Root WebApplicationContext: initialization completed in 1539 ms
2024-08-21T10:35:52.554+05:30  INFO 13908 --- [ELKstack] [main] o.s.b.w.embedded.tomcat.TomcatWebServer  : Tomcat started on port 9898 (http) with context path '/'
2024-08-21T10:35:52.567+05:30  INFO 13908 --- [ELKstack] [main] c.e.s.E.ElkStackExampleApplication       : Started ElkStackExampleApplication in 2.949 seconds (process running for 3.625)
2024-08-21T10:44:16.909+05:30  INFO 13908 --- [ELKstack] [http-nio-9898-exec-1] o.a.c.c.C.[Tomcat].[localhost].[/]       : Initializing Spring DispatcherServlet 'dispatcherServlet'
2024-08-21T10:44:16.910+05:30  INFO 13908 --- [ELKstack] [http-nio-9898-exec-1] o.s.web.servlet.DispatcherServlet        : Initializing Servlet 'dispatcherServlet'
2024-08-21T10:44:16.911+05:30  INFO 13908 --- [ELKstack] [http-nio-9898-exec-1] o.s.web.servlet.DispatcherServlet        : Completed initialization in 1 ms
2024-08-21T10:44:16.987+05:30  INFO 13908 --- [ELKstack] [http-nio-9898-exec-1] c.e.s.E.ElkStackExampleApplication       : user found : User(id=2, name=Shyam)
2024-08-21T10:44:57.907+05:30  INFO 13908 --- [ELKstack] [http-nio-9898-exec-3] c.e.s.E.ElkStackExampleApplication       : user found : User(id=3, name=Rony)
2024-08-21T10:45:02.748+05:30  INFO 13908 --- [ELKstack] [http-nio-9898-exec-2] c.e.s.E.ElkStackExampleApplication       : user found : User(id=4, name=mak)
2024-08-21T10:45:06.937+05:30 ERROR 13908 --- [ELKstack] [http-nio-9898-exec-4] c.e.s.E.ElkStackExampleApplication       : User Not Found with ID : 5
2024-08-21T10:45:12.159+05:30 ERROR 13908 --- [ELKstack] [http-nio-9898-exec-5] c.e.s.E.ElkStackExampleApplication       : User Not Found with ID : 6
2024-08-21T10:52:46.862+05:30  INFO 6396 --- [ELKstack] [main] c.e.s.E.ElkStackExampleApplication       : Starting ElkStackExampleApplication using Java 21.0.4 with PID 6396 (C:\Users\Administrator\Downloads\ELKstack\ELKstack\target\classes started by Administrator in C:\Users\Administrator\Downloads\ELKstack\ELKstack)
2024-08-21T10:52:46.867+05:30  INFO 6396 --- [ELKstack] [main] c.e.s.E.ElkStackExampleApplication       : No active profile set, falling back to 1 default profile: "default"
2024-08-21T10:52:48.359+05:30  INFO 6396 --- [ELKstack] [main] o.s.b.w.embedded.tomcat.TomcatWebServer  : Tomcat initialized with port 9898 (http)
2024-08-21T10:52:48.386+05:30  INFO 6396 --- [ELKstack] [main] o.apache.catalina.core.StandardService   : Starting service [Tomcat]
2024-08-21T10:52:48.386+05:30  INFO 6396 --- [ELKstack] [main] o.apache.catalina.core.StandardEngine    : Starting Servlet engine: [Apache Tomcat/10.1.26]
2024-08-21T10:52:48.484+05:30  INFO 6396 --- [ELKstack] [main] o.a.c.c.C.[Tomcat].[localhost].[/]       : Initializing Spring embedded WebApplicationContext
2024-08-21T10:52:48.486+05:30  INFO 6396 --- [ELKstack] [main] w.s.c.ServletWebServerApplicationContext : Root WebApplicationContext: initialization completed in 1514 ms
2024-08-21T10:52:49.028+05:30  INFO 6396 --- [ELKstack] [main] o.s.b.w.embedded.tomcat.TomcatWebServer  : Tomcat started on port 9898 (http) with context path '/'
2024-08-21T10:52:49.041+05:30  INFO 6396 --- [ELKstack] [main] c.e.s.E.ElkStackExampleApplication       : Started ElkStackExampleApplication in 2.959 seconds (process running for 3.614)
2024-08-21T10:53:38.863+05:30  INFO 6396 --- [ELKstack] [http-nio-9898-exec-2] o.a.c.c.C.[Tomcat].[localhost].[/]       : Initializing Spring DispatcherServlet 'dispatcherServlet'
2024-08-21T10:53:38.863+05:30  INFO 6396 --- [ELKstack] [http-nio-9898-exec-2] o.s.web.servlet.DispatcherServlet        : Initializing Servlet 'dispatcherServlet'
2024-08-21T10:53:38.866+05:30  INFO 6396 --- [ELKstack] [http-nio-9898-exec-2] o.s.web.servlet.DispatcherServlet        : Completed initialization in 1 ms
2024-08-21T10:53:38.930+05:30 ERROR 6396 --- [ELKstack] [http-nio-9898-exec-2] c.e.s.E.ElkStackExampleApplication       : User Not Found with ID : 6
2024-08-21T10:53:42.842+05:30  INFO 6396 --- [ELKstack] [http-nio-9898-exec-5] c.e.s.E.ElkStackExampleApplication       : user found : User(id=1, name=John)
2024-08-21T10:53:47.988+05:30 ERROR 6396 --- [ELKstack] [http-nio-9898-exec-6] c.e.s.E.ElkStackExampleApplication       : User Not Found with ID : 100
2024-08-21T11:11:30.614+05:30 ERROR 6396 --- [ELKstack] [http-nio-9898-exec-9] c.e.s.E.ElkStackExampleApplication       : User Not Found with ID : 1000
2024-08-21T12:32:07.009+05:30  INFO 6396 --- [ELKstack] [http-nio-9898-exec-2] c.e.s.E.ElkStackExampleApplication       : user found : User(id=2, name=Shyam)
2024-08-21T12:32:19.898+05:30 ERROR 6396 --- [ELKstack] [http-nio-9898-exec-3] c.e.s.E.ElkStackExampleApplication       : User Not Found with ID : 2000
